{"C:\\Users\\alejo\\Documents\\_repositories\\my-briefcase\\src\\BriefcaseApp.tsx": {"path":"C:\\Users\\alejo\\Documents\\_repositories\\my-briefcase\\src\\BriefcaseApp.tsx","statementMap":{"0":{"start":{"line":5,"column":28},"end":{"line":13,"column":null}},"1":{"start":{"line":6,"column":2},"end":{"line":11,"column":null}}},"fnMap":{"0":{"name":"(anonymous_0)","decl":{"start":{"line":5,"column":28},"end":{"line":5,"column":34}},"loc":{"start":{"line":5,"column":34},"end":{"line":13,"column":null}},"line":5}},"branchMap":{},"s":{"0":0,"1":0},"f":{"0":0},"b":{},"meta":{"lastBranch":0,"lastFunction":1,"lastStatement":2,"seen":{"s:5:28:13:Infinity":0,"f:5:28:5:34":0,"s:6:2:11:Infinity":1},"fnNames":{}}}
,"C:\\Users\\alejo\\Documents\\_repositories\\my-briefcase\\src\\main.tsx": {"path":"C:\\Users\\alejo\\Documents\\_repositories\\my-briefcase\\src\\main.tsx","statementMap":{"0":{"start":{"line":8,"column":0},"end":{"line":14,"column":null}}},"fnMap":{},"branchMap":{},"s":{"0":0},"f":{},"b":{},"meta":{"lastBranch":0,"lastFunction":0,"lastStatement":1,"seen":{"s:8:0:14:Infinity":0},"fnNames":{}}}
,"C:\\Users\\alejo\\Documents\\_repositories\\my-briefcase\\src\\vite-env.d.ts": {"path":"C:\\Users\\alejo\\Documents\\_repositories\\my-briefcase\\src\\vite-env.d.ts","statementMap":{},"fnMap":{},"branchMap":{},"s":{},"f":{},"b":{},"meta":{"lastBranch":0,"lastFunction":0,"lastStatement":0,"seen":{},"fnNames":{}}}
,"C:\\Users\\alejo\\Documents\\_repositories\\my-briefcase\\src\\__types__\\index.ts": {"path":"C:\\Users\\alejo\\Documents\\_repositories\\my-briefcase\\src\\__types__\\index.ts","statementMap":{},"fnMap":{},"branchMap":{},"s":{},"f":{},"b":{},"meta":{"lastBranch":0,"lastFunction":0,"lastStatement":0,"seen":{},"fnNames":{}}}
,"C:\\Users\\alejo\\Documents\\_repositories\\my-briefcase\\src\\assets\\icons\\index.ts": {"path":"C:\\Users\\alejo\\Documents\\_repositories\\my-briefcase\\src\\assets\\icons\\index.ts","statementMap":{},"fnMap":{},"branchMap":{},"s":{},"f":{},"b":{},"meta":{"lastBranch":0,"lastFunction":0,"lastStatement":0,"seen":{},"fnNames":{}}}
,"C:\\Users\\alejo\\Documents\\_repositories\\my-briefcase\\src\\components\\HeroSection.tsx": {"path":"C:\\Users\\alejo\\Documents\\_repositories\\my-briefcase\\src\\components\\HeroSection.tsx","statementMap":{"0":{"start":{"line":15,"column":15},"end":{"line":15,"column":null}},"1":{"start":{"line":16,"column":14},"end":{"line":16,"column":null}},"2":{"start":{"line":19,"column":25},"end":{"line":23,"column":null}},"3":{"start":{"line":26,"column":27},"end":{"line":198,"column":null}},"4":{"start":{"line":27,"column":12},"end":{"line":27,"column":null}},"5":{"start":{"line":28,"column":26},"end":{"line":28,"column":null}},"6":{"start":{"line":30,"column":21},"end":{"line":46,"column":null}},"7":{"start":{"line":31,"column":4},"end":{"line":43,"column":null}},"8":{"start":{"line":32,"column":6},"end":{"line":32,"column":null}},"9":{"start":{"line":35,"column":23},"end":{"line":35,"column":null}},"10":{"start":{"line":36,"column":6},"end":{"line":36,"column":null}},"11":{"start":{"line":37,"column":6},"end":{"line":37,"column":null}},"12":{"start":{"line":38,"column":6},"end":{"line":38,"column":null}},"13":{"start":{"line":39,"column":6},"end":{"line":39,"column":null}},"14":{"start":{"line":40,"column":6},"end":{"line":40,"column":null}},"15":{"start":{"line":41,"column":6},"end":{"line":41,"column":null}},"16":{"start":{"line":42,"column":6},"end":{"line":42,"column":null}},"17":{"start":{"line":44,"column":4},"end":{"line":44,"column":null}},"18":{"start":{"line":45,"column":4},"end":{"line":45,"column":null}},"19":{"start":{"line":45,"column":21},"end":{"line":45,"column":39}},"20":{"start":{"line":49,"column":2},"end":{"line":196,"column":null}},"21":{"start":{"line":118,"column":18},"end":{"line":129,"column":null}}},"fnMap":{"0":{"name":"(anonymous_0)","decl":{"start":{"line":26,"column":27},"end":{"line":26,"column":33}},"loc":{"start":{"line":26,"column":33},"end":{"line":198,"column":null}},"line":26},"1":{"name":"(anonymous_1)","decl":{"start":{"line":30,"column":21},"end":{"line":30,"column":33}},"loc":{"start":{"line":30,"column":33},"end":{"line":46,"column":null}},"line":30},"2":{"name":"(anonymous_2)","decl":{"start":{"line":45,"column":15},"end":{"line":45,"column":21}},"loc":{"start":{"line":45,"column":21},"end":{"line":45,"column":39}},"line":45},"3":{"name":"(anonymous_3)","decl":{"start":{"line":117,"column":38},"end":{"line":117,"column":39}},"loc":{"start":{"line":118,"column":18},"end":{"line":129,"column":null}},"line":118}},"branchMap":{"0":{"loc":{"start":{"line":111,"column":26},"end":{"line":111,"column":null}},"type":"cond-expr","locations":[{"start":{"line":111,"column":35},"end":{"line":111,"column":59}},{"start":{"line":111,"column":59},"end":{"line":111,"column":null}}],"line":111},"1":{"loc":{"start":{"line":113,"column":17},"end":{"line":113,"column":85}},"type":"cond-expr","locations":[{"start":{"line":113,"column":26},"end":{"line":113,"column":57}},{"start":{"line":113,"column":57},"end":{"line":113,"column":85}}],"line":113}},"s":{"0":0,"1":0,"2":0,"3":0,"4":0,"5":0,"6":0,"7":0,"8":0,"9":0,"10":0,"11":0,"12":0,"13":0,"14":0,"15":0,"16":0,"17":0,"18":0,"19":0,"20":0,"21":0},"f":{"0":0,"1":0,"2":0,"3":0},"b":{"0":[0,0],"1":[0,0]},"meta":{"lastBranch":2,"lastFunction":4,"lastStatement":22,"seen":{"s:15:15:15:Infinity":0,"s:16:14:16:Infinity":1,"s:19:25:23:Infinity":2,"s:26:27:198:Infinity":3,"f:26:27:26:33":0,"s:27:12:27:Infinity":4,"s:28:26:28:Infinity":5,"s:30:21:46:Infinity":6,"f:30:21:30:33":1,"s:31:4:43:Infinity":7,"s:32:6:32:Infinity":8,"s:35:23:35:Infinity":9,"s:36:6:36:Infinity":10,"s:37:6:37:Infinity":11,"s:38:6:38:Infinity":12,"s:39:6:39:Infinity":13,"s:40:6:40:Infinity":14,"s:41:6:41:Infinity":15,"s:42:6:42:Infinity":16,"s:44:4:44:Infinity":17,"s:45:4:45:Infinity":18,"f:45:15:45:21":2,"s:45:21:45:39":19,"s:49:2:196:Infinity":20,"b:111:35:111:59:111:59:111:Infinity":0,"b:113:26:113:57:113:57:113:85":1,"f:117:38:117:39":3,"s:118:18:129:Infinity":21},"fnNames":{}}}
,"C:\\Users\\alejo\\Documents\\_repositories\\my-briefcase\\src\\components\\index.ts": {"path":"C:\\Users\\alejo\\Documents\\_repositories\\my-briefcase\\src\\components\\index.ts","statementMap":{},"fnMap":{},"branchMap":{},"s":{},"f":{},"b":{},"meta":{"lastBranch":0,"lastFunction":0,"lastStatement":0,"seen":{},"fnNames":{}}}
,"C:\\Users\\alejo\\Documents\\_repositories\\my-briefcase\\src\\components\\about\\AboutSection.tsx": {"path":"C:\\Users\\alejo\\Documents\\_repositories\\my-briefcase\\src\\components\\about\\AboutSection.tsx","statementMap":{"0":{"start":{"line":4,"column":28},"end":{"line":35,"column":null}},"1":{"start":{"line":6,"column":12},"end":{"line":6,"column":null}},"2":{"start":{"line":8,"column":2},"end":{"line":33,"column":null}}},"fnMap":{"0":{"name":"(anonymous_0)","decl":{"start":{"line":4,"column":28},"end":{"line":4,"column":34}},"loc":{"start":{"line":4,"column":34},"end":{"line":35,"column":null}},"line":4}},"branchMap":{},"s":{"0":0,"1":0,"2":0},"f":{"0":0},"b":{},"meta":{"lastBranch":0,"lastFunction":1,"lastStatement":3,"seen":{"s:4:28:35:Infinity":0,"f:4:28:4:34":0,"s:6:12:6:Infinity":1,"s:8:2:33:Infinity":2},"fnNames":{}}}
,"C:\\Users\\alejo\\Documents\\_repositories\\my-briefcase\\src\\components\\footer\\Footer.tsx": {"path":"C:\\Users\\alejo\\Documents\\_repositories\\my-briefcase\\src\\components\\footer\\Footer.tsx","statementMap":{"0":{"start":{"line":5,"column":22},"end":{"line":41,"column":null}},"1":{"start":{"line":7,"column":22},"end":{"line":9,"column":null}},"2":{"start":{"line":8,"column":4},"end":{"line":8,"column":null}},"3":{"start":{"line":11,"column":2},"end":{"line":39,"column":null}}},"fnMap":{"0":{"name":"(anonymous_0)","decl":{"start":{"line":5,"column":22},"end":{"line":5,"column":28}},"loc":{"start":{"line":5,"column":28},"end":{"line":41,"column":null}},"line":5},"1":{"name":"(anonymous_1)","decl":{"start":{"line":7,"column":22},"end":{"line":7,"column":28}},"loc":{"start":{"line":7,"column":28},"end":{"line":9,"column":null}},"line":7}},"branchMap":{},"s":{"0":0,"1":0,"2":0,"3":0},"f":{"0":0,"1":0},"b":{},"meta":{"lastBranch":0,"lastFunction":2,"lastStatement":4,"seen":{"s:5:22:41:Infinity":0,"f:5:22:5:28":0,"s:7:22:9:Infinity":1,"f:7:22:7:28":1,"s:8:4:8:Infinity":2,"s:11:2:39:Infinity":3},"fnNames":{}}}
,"C:\\Users\\alejo\\Documents\\_repositories\\my-briefcase\\src\\components\\navbar\\Navbar.tsx": {"path":"C:\\Users\\alejo\\Documents\\_repositories\\my-briefcase\\src\\components\\navbar\\Navbar.tsx","statementMap":{"0":{"start":{"line":5,"column":22},"end":{"line":22,"column":null}},"1":{"start":{"line":7,"column":30},"end":{"line":7,"column":null}},"2":{"start":{"line":9,"column":2},"end":{"line":20,"column":null}},"3":{"start":{"line":17,"column":78},"end":{"line":17,"column":95}}},"fnMap":{"0":{"name":"(anonymous_0)","decl":{"start":{"line":5,"column":22},"end":{"line":5,"column":28}},"loc":{"start":{"line":5,"column":28},"end":{"line":22,"column":null}},"line":5},"1":{"name":"(anonymous_1)","decl":{"start":{"line":17,"column":70},"end":{"line":17,"column":76}},"loc":{"start":{"line":17,"column":76},"end":{"line":17,"column":null}},"line":17}},"branchMap":{},"s":{"0":1,"1":2,"2":2,"3":0},"f":{"0":2,"1":0},"b":{},"meta":{"lastBranch":0,"lastFunction":2,"lastStatement":4,"seen":{"s:5:22:22:Infinity":0,"f:5:22:5:28":0,"s:7:30:7:Infinity":1,"s:9:2:20:Infinity":2,"f:17:70:17:76":1,"s:17:78:17:95":3},"fnNames":{}}}
,"C:\\Users\\alejo\\Documents\\_repositories\\my-briefcase\\src\\components\\project\\ProjectsSection.tsx": {"path":"C:\\Users\\alejo\\Documents\\_repositories\\my-briefcase\\src\\components\\project\\ProjectsSection.tsx","statementMap":{"0":{"start":{"line":14,"column":31},"end":{"line":81,"column":null}},"1":{"start":{"line":16,"column":12},"end":{"line":16,"column":null}},"2":{"start":{"line":18,"column":2},"end":{"line":79,"column":null}}},"fnMap":{"0":{"name":"(anonymous_0)","decl":{"start":{"line":14,"column":31},"end":{"line":14,"column":37}},"loc":{"start":{"line":14,"column":37},"end":{"line":81,"column":null}},"line":14}},"branchMap":{},"s":{"0":0,"1":0,"2":0},"f":{"0":0},"b":{},"meta":{"lastBranch":0,"lastFunction":1,"lastStatement":3,"seen":{"s:14:31:81:Infinity":0,"f:14:31:14:37":0,"s:16:12:16:Infinity":1,"s:18:2:79:Infinity":2},"fnNames":{}}}
,"C:\\Users\\alejo\\Documents\\_repositories\\my-briefcase\\src\\components\\project\\components\\ProjectItem.tsx": {"path":"C:\\Users\\alejo\\Documents\\_repositories\\my-briefcase\\src\\components\\project\\components\\ProjectItem.tsx","statementMap":{"0":{"start":{"line":34,"column":27},"end":{"line":136,"column":null}},"1":{"start":{"line":50,"column":33},"end":{"line":65,"column":null}},"2":{"start":{"line":67,"column":2},"end":{"line":133,"column":null}},"3":{"start":{"line":111,"column":16},"end":{"line":116,"column":null}}},"fnMap":{"0":{"name":"(anonymous_0)","decl":{"start":{"line":34,"column":27},"end":{"line":34,"column":28}},"loc":{"start":{"line":44,"column":12},"end":{"line":136,"column":null}},"line":44},"1":{"name":"(anonymous_1)","decl":{"start":{"line":110,"column":25},"end":{"line":110,"column":26}},"loc":{"start":{"line":111,"column":16},"end":{"line":116,"column":null}},"line":111}},"branchMap":{"0":{"loc":{"start":{"line":40,"column":2},"end":{"line":40,"column":null}},"type":"default-arg","locations":[{"start":{"line":40,"column":14},"end":{"line":40,"column":null}}],"line":40},"1":{"loc":{"start":{"line":79,"column":10},"end":{"line":79,"column":null}},"type":"binary-expr","locations":[{"start":{"line":79,"column":10},"end":{"line":79,"column":25}},{"start":{"line":79,"column":25},"end":{"line":79,"column":null}}],"line":79}},"s":{"0":0,"1":0,"2":0,"3":0},"f":{"0":0,"1":0},"b":{"0":[0],"1":[0,0]},"meta":{"lastBranch":2,"lastFunction":2,"lastStatement":4,"seen":{"s:34:27:136:Infinity":0,"f:34:27:34:28":0,"b:40:14:40:Infinity":0,"s:50:33:65:Infinity":1,"s:67:2:133:Infinity":2,"b:79:10:79:25:79:25:79:Infinity":1,"f:110:25:110:26":1,"s:111:16:116:Infinity":3},"fnNames":{}}}
,"C:\\Users\\alejo\\Documents\\_repositories\\my-briefcase\\src\\components\\stack\\StackSection.tsx": {"path":"C:\\Users\\alejo\\Documents\\_repositories\\my-briefcase\\src\\components\\stack\\StackSection.tsx","statementMap":{"0":{"start":{"line":27,"column":31},"end":{"line":36,"column":null}},"1":{"start":{"line":37,"column":31},"end":{"line":45,"column":null}},"2":{"start":{"line":46,"column":29},"end":{"line":51,"column":null}},"3":{"start":{"line":59,"column":28},"end":{"line":121,"column":null}},"4":{"start":{"line":60,"column":12},"end":{"line":60,"column":null}},"5":{"start":{"line":62,"column":2},"end":{"line":119,"column":null}},"6":{"start":{"line":72,"column":14},"end":{"line":72,"column":null}},"7":{"start":{"line":86,"column":14},"end":{"line":86,"column":null}},"8":{"start":{"line":100,"column":14},"end":{"line":100,"column":null}},"9":{"start":{"line":114,"column":14},"end":{"line":114,"column":null}}},"fnMap":{"0":{"name":"(anonymous_0)","decl":{"start":{"line":59,"column":28},"end":{"line":59,"column":34}},"loc":{"start":{"line":59,"column":34},"end":{"line":121,"column":null}},"line":59},"1":{"name":"(anonymous_1)","decl":{"start":{"line":71,"column":30},"end":{"line":71,"column":31}},"loc":{"start":{"line":72,"column":14},"end":{"line":72,"column":null}},"line":72},"2":{"name":"(anonymous_2)","decl":{"start":{"line":85,"column":30},"end":{"line":85,"column":31}},"loc":{"start":{"line":86,"column":14},"end":{"line":86,"column":null}},"line":86},"3":{"name":"(anonymous_3)","decl":{"start":{"line":99,"column":28},"end":{"line":99,"column":29}},"loc":{"start":{"line":100,"column":14},"end":{"line":100,"column":null}},"line":100},"4":{"name":"(anonymous_4)","decl":{"start":{"line":113,"column":41},"end":{"line":113,"column":42}},"loc":{"start":{"line":114,"column":14},"end":{"line":114,"column":null}},"line":114}},"branchMap":{},"s":{"0":0,"1":0,"2":0,"3":0,"4":0,"5":0,"6":0,"7":0,"8":0,"9":0},"f":{"0":0,"1":0,"2":0,"3":0,"4":0},"b":{},"meta":{"lastBranch":0,"lastFunction":5,"lastStatement":10,"seen":{"s:27:31:36:Infinity":0,"s:37:31:45:Infinity":1,"s:46:29:51:Infinity":2,"s:59:28:121:Infinity":3,"f:59:28:59:34":0,"s:60:12:60:Infinity":4,"s:62:2:119:Infinity":5,"f:71:30:71:31":1,"s:72:14:72:Infinity":6,"f:85:30:85:31":2,"s:86:14:86:Infinity":7,"f:99:28:99:29":3,"s:100:14:100:Infinity":8,"f:113:41:113:42":4,"s:114:14:114:Infinity":9},"fnNames":{}}}
,"C:\\Users\\alejo\\Documents\\_repositories\\my-briefcase\\src\\components\\stack\\components\\StackItem.tsx": {"path":"C:\\Users\\alejo\\Documents\\_repositories\\my-briefcase\\src\\components\\stack\\components\\StackItem.tsx","statementMap":{"0":{"start":{"line":10,"column":25},"end":{"line":18,"column":null}},"1":{"start":{"line":13,"column":4},"end":{"line":16,"column":null}}},"fnMap":{"0":{"name":"(anonymous_0)","decl":{"start":{"line":10,"column":25},"end":{"line":10,"column":26}},"loc":{"start":{"line":10,"column":83},"end":{"line":18,"column":null}},"line":10}},"branchMap":{"0":{"loc":{"start":{"line":14,"column":103},"end":{"line":14,"column":133}},"type":"cond-expr","locations":[{"start":{"line":14,"column":117},"end":{"line":14,"column":131}},{"start":{"line":14,"column":131},"end":{"line":14,"column":133}}],"line":14},"1":{"loc":{"start":{"line":15,"column":13},"end":{"line":15,"column":42}},"type":"binary-expr","locations":[{"start":{"line":15,"column":13},"end":{"line":15,"column":21}},{"start":{"line":15,"column":21},"end":{"line":15,"column":42}}],"line":15}},"s":{"0":0,"1":0},"f":{"0":0},"b":{"0":[0,0],"1":[0,0]},"meta":{"lastBranch":2,"lastFunction":1,"lastStatement":2,"seen":{"s:10:25:18:Infinity":0,"f:10:25:10:26":0,"s:13:4:16:Infinity":1,"b:14:117:14:131:14:131:14:133":0,"b:15:13:15:21:15:21:15:42":1},"fnNames":{}}}
,"C:\\Users\\alejo\\Documents\\_repositories\\my-briefcase\\src\\components\\ui\\index.ts": {"path":"C:\\Users\\alejo\\Documents\\_repositories\\my-briefcase\\src\\components\\ui\\index.ts","statementMap":{},"fnMap":{},"branchMap":{},"s":{},"f":{},"b":{},"meta":{"lastBranch":0,"lastFunction":0,"lastStatement":0,"seen":{},"fnNames":{}}}
,"C:\\Users\\alejo\\Documents\\_repositories\\my-briefcase\\src\\components\\ui\\components\\Button.tsx": {"path":"C:\\Users\\alejo\\Documents\\_repositories\\my-briefcase\\src\\components\\ui\\components\\Button.tsx","statementMap":{"0":{"start":{"line":22,"column":48},"end":{"line":27,"column":null}},"1":{"start":{"line":29,"column":54},"end":{"line":34,"column":null}},"2":{"start":{"line":36,"column":33},"end":{"line":47,"column":null}},"3":{"start":{"line":49,"column":22},"end":{"line":96,"column":null}},"4":{"start":{"line":62,"column":2},"end":{"line":94,"column":null}},"5":{"start":{"line":72,"column":8},"end":{"line":72,"column":null}},"6":{"start":{"line":73,"column":8},"end":{"line":76,"column":null}},"7":{"start":{"line":74,"column":10},"end":{"line":74,"column":null}},"8":{"start":{"line":75,"column":10},"end":{"line":75,"column":null}},"9":{"start":{"line":77,"column":8},"end":{"line":77,"column":null}}},"fnMap":{"0":{"name":"(anonymous_0)","decl":{"start":{"line":49,"column":22},"end":{"line":49,"column":23}},"loc":{"start":{"line":61,"column":13},"end":{"line":96,"column":null}},"line":61},"1":{"name":"(anonymous_1)","decl":{"start":{"line":71,"column":15},"end":{"line":71,"column":16}},"loc":{"start":{"line":71,"column":22},"end":{"line":78,"column":null}},"line":71}},"branchMap":{"0":{"loc":{"start":{"line":51,"column":2},"end":{"line":51,"column":null}},"type":"default-arg","locations":[{"start":{"line":51,"column":8},"end":{"line":51,"column":null}}],"line":51},"1":{"loc":{"start":{"line":53,"column":2},"end":{"line":53,"column":null}},"type":"default-arg","locations":[{"start":{"line":53,"column":12},"end":{"line":53,"column":null}}],"line":53},"2":{"loc":{"start":{"line":54,"column":2},"end":{"line":54,"column":null}},"type":"default-arg","locations":[{"start":{"line":54,"column":9},"end":{"line":54,"column":null}}],"line":54},"3":{"loc":{"start":{"line":56,"column":2},"end":{"line":56,"column":null}},"type":"default-arg","locations":[{"start":{"line":56,"column":17},"end":{"line":56,"column":null}}],"line":56},"4":{"loc":{"start":{"line":57,"column":2},"end":{"line":57,"column":null}},"type":"default-arg","locations":[{"start":{"line":57,"column":14},"end":{"line":57,"column":null}}],"line":57},"5":{"loc":{"start":{"line":58,"column":2},"end":{"line":58,"column":null}},"type":"default-arg","locations":[{"start":{"line":58,"column":13},"end":{"line":58,"column":null}}],"line":58},"6":{"loc":{"start":{"line":67,"column":14},"end":{"line":67,"column":null}},"type":"cond-expr","locations":[{"start":{"line":67,"column":22},"end":{"line":67,"column":33}},{"start":{"line":67,"column":33},"end":{"line":67,"column":null}}],"line":67},"7":{"loc":{"start":{"line":68,"column":11},"end":{"line":68,"column":null}},"type":"cond-expr","locations":[{"start":{"line":68,"column":19},"end":{"line":68,"column":34}},{"start":{"line":68,"column":34},"end":{"line":68,"column":null}}],"line":68},"8":{"loc":{"start":{"line":69,"column":12},"end":{"line":69,"column":null}},"type":"cond-expr","locations":[{"start":{"line":69,"column":23},"end":{"line":69,"column":35}},{"start":{"line":69,"column":35},"end":{"line":69,"column":null}}],"line":69},"9":{"loc":{"start":{"line":73,"column":8},"end":{"line":76,"column":null}},"type":"if","locations":[{"start":{"line":73,"column":8},"end":{"line":76,"column":null}},{"start":{},"end":{}}],"line":73},"10":{"loc":{"start":{"line":82,"column":8},"end":{"line":82,"column":null}},"type":"cond-expr","locations":[{"start":{"line":82,"column":20},"end":{"line":82,"column":31}},{"start":{"line":82,"column":31},"end":{"line":82,"column":null}}],"line":82},"11":{"loc":{"start":{"line":83,"column":8},"end":{"line":83,"column":null}},"type":"binary-expr","locations":[{"start":{"line":83,"column":8},"end":{"line":83,"column":20}},{"start":{"line":83,"column":20},"end":{"line":83,"column":null}}],"line":83},"12":{"loc":{"start":{"line":87,"column":7},"end":{"line":88,"column":null}},"type":"binary-expr","locations":[{"start":{"line":87,"column":7},"end":{"line":87,"column":15}},{"start":{"line":87,"column":15},"end":{"line":87,"column":null}},{"start":{"line":88,"column":8},"end":{"line":88,"column":null}}],"line":87},"13":{"loc":{"start":{"line":91,"column":7},"end":{"line":92,"column":null}},"type":"binary-expr","locations":[{"start":{"line":91,"column":7},"end":{"line":91,"column":15}},{"start":{"line":91,"column":15},"end":{"line":91,"column":null}},{"start":{"line":92,"column":8},"end":{"line":92,"column":null}}],"line":91}},"s":{"0":1,"1":1,"2":1,"3":1,"4":7,"5":0,"6":0,"7":0,"8":0,"9":0},"f":{"0":7,"1":0},"b":{"0":[7],"1":[7],"2":[7],"3":[7],"4":[7],"5":[7],"6":[0,7],"7":[0,7],"8":[2,5],"9":[0,0],"10":[0,7],"11":[7,2],"12":[7,3,2],"13":[7,3,1]},"meta":{"lastBranch":14,"lastFunction":2,"lastStatement":10,"seen":{"s:22:48:27:Infinity":0,"s:29:54:34:Infinity":1,"s:36:33:47:Infinity":2,"s:49:22:96:Infinity":3,"f:49:22:49:23":0,"b:51:8:51:Infinity":0,"b:53:12:53:Infinity":1,"b:54:9:54:Infinity":2,"b:56:17:56:Infinity":3,"b:57:14:57:Infinity":4,"b:58:13:58:Infinity":5,"s:62:2:94:Infinity":4,"b:67:22:67:33:67:33:67:Infinity":6,"b:68:19:68:34:68:34:68:Infinity":7,"b:69:23:69:35:69:35:69:Infinity":8,"f:71:15:71:16":1,"s:72:8:72:Infinity":5,"b:73:8:76:Infinity:undefined:undefined:undefined:undefined":9,"s:73:8:76:Infinity":6,"s:74:10:74:Infinity":7,"s:75:10:75:Infinity":8,"s:77:8:77:Infinity":9,"b:82:20:82:31:82:31:82:Infinity":10,"b:83:8:83:20:83:20:83:Infinity":11,"b:87:7:87:15:87:15:87:Infinity:88:8:88:Infinity":12,"b:91:7:91:15:91:15:91:Infinity:92:8:92:Infinity":13},"fnNames":{}}}
,"C:\\Users\\alejo\\Documents\\_repositories\\my-briefcase\\src\\components\\ui\\components\\ContentSection.tsx": {"path":"C:\\Users\\alejo\\Documents\\_repositories\\my-briefcase\\src\\components\\ui\\components\\ContentSection.tsx","statementMap":{"0":{"start":{"line":10,"column":30},"end":{"line":19,"column":null}},"1":{"start":{"line":11,"column":2},"end":{"line":17,"column":null}}},"fnMap":{"0":{"name":"(anonymous_0)","decl":{"start":{"line":10,"column":30},"end":{"line":10,"column":31}},"loc":{"start":{"line":10,"column":66},"end":{"line":19,"column":null}},"line":10}},"branchMap":{},"s":{"0":0,"1":0},"f":{"0":0},"b":{},"meta":{"lastBranch":0,"lastFunction":1,"lastStatement":2,"seen":{"s:10:30:19:Infinity":0,"f:10:30:10:31":0,"s:11:2:17:Infinity":1},"fnNames":{}}}
,"C:\\Users\\alejo\\Documents\\_repositories\\my-briefcase\\src\\components\\ui\\components\\Title.tsx": {"path":"C:\\Users\\alejo\\Documents\\_repositories\\my-briefcase\\src\\components\\ui\\components\\Title.tsx","statementMap":{"0":{"start":{"line":6,"column":21},"end":{"line":18,"column":null}},"1":{"start":{"line":7,"column":2},"end":{"line":16,"column":null}}},"fnMap":{"0":{"name":"(anonymous_0)","decl":{"start":{"line":6,"column":21},"end":{"line":6,"column":22}},"loc":{"start":{"line":6,"column":43},"end":{"line":18,"column":null}},"line":6}},"branchMap":{},"s":{"0":0,"1":0},"f":{"0":0},"b":{},"meta":{"lastBranch":0,"lastFunction":1,"lastStatement":2,"seen":{"s:6:21:18:Infinity":0,"f:6:21:6:22":0,"s:7:2:16:Infinity":1},"fnNames":{}}}
,"C:\\Users\\alejo\\Documents\\_repositories\\my-briefcase\\src\\components\\ui\\components\\index.ts": {"path":"C:\\Users\\alejo\\Documents\\_repositories\\my-briefcase\\src\\components\\ui\\components\\index.ts","statementMap":{},"fnMap":{},"branchMap":{},"s":{},"f":{},"b":{},"meta":{"lastBranch":0,"lastFunction":0,"lastStatement":0,"seen":{},"fnNames":{}}}
,"C:\\Users\\alejo\\Documents\\_repositories\\my-briefcase\\src\\components\\workspace\\WorkspaceSection.tsx": {"path":"C:\\Users\\alejo\\Documents\\_repositories\\my-briefcase\\src\\components\\workspace\\WorkspaceSection.tsx","statementMap":{"0":{"start":{"line":21,"column":32},"end":{"line":135,"column":null}},"1":{"start":{"line":23,"column":12},"end":{"line":23,"column":null}},"2":{"start":{"line":25,"column":2},"end":{"line":133,"column":null}}},"fnMap":{"0":{"name":"(anonymous_0)","decl":{"start":{"line":21,"column":32},"end":{"line":21,"column":38}},"loc":{"start":{"line":21,"column":38},"end":{"line":135,"column":null}},"line":21}},"branchMap":{},"s":{"0":0,"1":0,"2":0},"f":{"0":0},"b":{},"meta":{"lastBranch":0,"lastFunction":1,"lastStatement":3,"seen":{"s:21:32:135:Infinity":0,"f:21:32:21:38":0,"s:23:12:23:Infinity":1,"s:25:2:133:Infinity":2},"fnNames":{}}}
,"C:\\Users\\alejo\\Documents\\_repositories\\my-briefcase\\src\\components\\workspace\\components\\AvailabilityBadge.tsx": {"path":"C:\\Users\\alejo\\Documents\\_repositories\\my-briefcase\\src\\components\\workspace\\components\\AvailabilityBadge.tsx","statementMap":{"0":{"start":{"line":1,"column":33},"end":{"line":12,"column":null}},"1":{"start":{"line":2,"column":4},"end":{"line":12,"column":null}}},"fnMap":{"0":{"name":"(anonymous_0)","decl":{"start":{"line":1,"column":33},"end":{"line":1,"column":34}},"loc":{"start":{"line":2,"column":4},"end":{"line":12,"column":null}},"line":2}},"branchMap":{},"s":{"0":1,"1":1},"f":{"0":1},"b":{},"meta":{"lastBranch":0,"lastFunction":1,"lastStatement":2,"seen":{"s:1:33:12:Infinity":0,"f:1:33:1:34":0,"s:2:4:12:Infinity":1},"fnNames":{}}}
,"C:\\Users\\alejo\\Documents\\_repositories\\my-briefcase\\src\\components\\workspace\\components\\Timeline.tsx": {"path":"C:\\Users\\alejo\\Documents\\_repositories\\my-briefcase\\src\\components\\workspace\\components\\Timeline.tsx","statementMap":{"0":{"start":{"line":1,"column":24},"end":{"line":3,"column":null}},"1":{"start":{"line":2,"column":2},"end":{"line":2,"column":null}}},"fnMap":{"0":{"name":"(anonymous_0)","decl":{"start":{"line":1,"column":24},"end":{"line":1,"column":30}},"loc":{"start":{"line":1,"column":30},"end":{"line":3,"column":null}},"line":1}},"branchMap":{},"s":{"0":0,"1":0},"f":{"0":0},"b":{},"meta":{"lastBranch":0,"lastFunction":1,"lastStatement":2,"seen":{"s:1:24:3:Infinity":0,"f:1:24:1:30":0,"s:2:2:2:Infinity":1},"fnNames":{}}}
,"C:\\Users\\alejo\\Documents\\_repositories\\my-briefcase\\src\\components\\workspace\\components\\WorkItem.tsx": {"path":"C:\\Users\\alejo\\Documents\\_repositories\\my-briefcase\\src\\components\\workspace\\components\\WorkItem.tsx","statementMap":{"0":{"start":{"line":16,"column":24},"end":{"line":60,"column":null}},"1":{"start":{"line":24,"column":2},"end":{"line":58,"column":null}},"2":{"start":{"line":47,"column":29},"end":{"line":47,"column":null}},"3":{"start":{"line":48,"column":16},"end":{"line":51,"column":null}}},"fnMap":{"0":{"name":"(anonymous_0)","decl":{"start":{"line":16,"column":24},"end":{"line":16,"column":25}},"loc":{"start":{"line":23,"column":11},"end":{"line":60,"column":null}},"line":23},"1":{"name":"(anonymous_1)","decl":{"start":{"line":46,"column":25},"end":{"line":46,"column":26}},"loc":{"start":{"line":46,"column":42},"end":{"line":53,"column":15}},"line":46}},"branchMap":{"0":{"loc":{"start":{"line":27,"column":9},"end":{"line":33,"column":null}},"type":"cond-expr","locations":[{"start":{"line":28,"column":10},"end":{"line":31,"column":null}},{"start":{"line":33,"column":10},"end":{"line":33,"column":null}}],"line":27},"1":{"loc":{"start":{"line":39,"column":27},"end":{"line":39,"column":51}},"type":"binary-expr","locations":[{"start":{"line":39,"column":27},"end":{"line":39,"column":40}},{"start":{"line":39,"column":40},"end":{"line":39,"column":51}}],"line":39},"2":{"loc":{"start":{"line":44,"column":11},"end":{"line":54,"column":null}},"type":"binary-expr","locations":[{"start":{"line":44,"column":11},"end":{"line":44,"column":null}},{"start":{"line":45,"column":12},"end":{"line":54,"column":null}}],"line":44}},"s":{"0":0,"1":0,"2":0,"3":0},"f":{"0":0,"1":0},"b":{"0":[0,0],"1":[0,0],"2":[0,0]},"meta":{"lastBranch":3,"lastFunction":2,"lastStatement":4,"seen":{"s:16:24:60:Infinity":0,"f:16:24:16:25":0,"s:24:2:58:Infinity":1,"b:28:10:31:Infinity:33:10:33:Infinity":0,"b:39:27:39:40:39:40:39:51":1,"b:44:11:44:Infinity:45:12:54:Infinity":2,"f:46:25:46:26":1,"s:47:29:47:Infinity":2,"s:48:16:51:Infinity":3},"fnNames":{}}}
,"C:\\Users\\alejo\\Documents\\_repositories\\my-briefcase\\src\\context\\LanguageContext.ts": {"path":"C:\\Users\\alejo\\Documents\\_repositories\\my-briefcase\\src\\context\\LanguageContext.ts","statementMap":{"0":{"start":{"line":12,"column":13},"end":{"line":12,"column":null}}},"fnMap":{},"branchMap":{},"s":{"0":1},"f":{},"b":{},"meta":{"lastBranch":0,"lastFunction":0,"lastStatement":1,"seen":{"s:12:13:12:Infinity":0},"fnNames":{}}}
,"C:\\Users\\alejo\\Documents\\_repositories\\my-briefcase\\src\\hooks\\useTranslate.tsx": {"path":"C:\\Users\\alejo\\Documents\\_repositories\\my-briefcase\\src\\hooks\\useTranslate.tsx","statementMap":{"0":{"start":{"line":4,"column":28},"end":{"line":8,"column":null}},"1":{"start":{"line":5,"column":10},"end":{"line":5,"column":null}},"2":{"start":{"line":6,"column":4},"end":{"line":6,"column":null}},"3":{"start":{"line":6,"column":18},"end":{"line":6,"column":null}},"4":{"start":{"line":7,"column":4},"end":{"line":7,"column":null}}},"fnMap":{"0":{"name":"(anonymous_0)","decl":{"start":{"line":4,"column":28},"end":{"line":4,"column":34}},"loc":{"start":{"line":4,"column":34},"end":{"line":8,"column":null}},"line":4}},"branchMap":{"0":{"loc":{"start":{"line":6,"column":4},"end":{"line":6,"column":null}},"type":"if","locations":[{"start":{"line":6,"column":4},"end":{"line":6,"column":null}},{"start":{},"end":{}}],"line":6}},"s":{"0":1,"1":4,"2":4,"3":2,"4":2},"f":{"0":4},"b":{"0":[2,2]},"meta":{"lastBranch":1,"lastFunction":1,"lastStatement":5,"seen":{"s:4:28:8:Infinity":0,"f:4:28:4:34":0,"s:5:10:5:Infinity":1,"b:6:4:6:Infinity:undefined:undefined:undefined:undefined":0,"s:6:4:6:Infinity":2,"s:6:18:6:Infinity":3,"s:7:4:7:Infinity":4},"fnNames":{}}}
,"C:\\Users\\alejo\\Documents\\_repositories\\my-briefcase\\src\\layout\\ContentLayout.tsx": {"path":"C:\\Users\\alejo\\Documents\\_repositories\\my-briefcase\\src\\layout\\ContentLayout.tsx","statementMap":{"0":{"start":{"line":6,"column":29},"end":{"line":8,"column":null}},"1":{"start":{"line":7,"column":2},"end":{"line":7,"column":null}}},"fnMap":{"0":{"name":"(anonymous_0)","decl":{"start":{"line":6,"column":29},"end":{"line":6,"column":30}},"loc":{"start":{"line":6,"column":54},"end":{"line":8,"column":null}},"line":6}},"branchMap":{},"s":{"0":0,"1":0},"f":{"0":0},"b":{},"meta":{"lastBranch":0,"lastFunction":1,"lastStatement":2,"seen":{"s:6:29:8:Infinity":0,"f:6:29:6:30":0,"s:7:2:7:Infinity":1},"fnNames":{}}}
,"C:\\Users\\alejo\\Documents\\_repositories\\my-briefcase\\src\\layout\\index.ts": {"path":"C:\\Users\\alejo\\Documents\\_repositories\\my-briefcase\\src\\layout\\index.ts","statementMap":{},"fnMap":{},"branchMap":{},"s":{},"f":{},"b":{},"meta":{"lastBranch":0,"lastFunction":0,"lastStatement":0,"seen":{},"fnNames":{}}}
,"C:\\Users\\alejo\\Documents\\_repositories\\my-briefcase\\src\\lib\\util.ts": {"path":"C:\\Users\\alejo\\Documents\\_repositories\\my-briefcase\\src\\lib\\util.ts","statementMap":{"0":{"start":{"line":5,"column":4},"end":{"line":5,"column":null}}},"fnMap":{"0":{"name":"cn","decl":{"start":{"line":4,"column":16},"end":{"line":4,"column":22}},"loc":{"start":{"line":4,"column":44},"end":{"line":6,"column":null}},"line":4}},"branchMap":{},"s":{"0":7},"f":{"0":7},"b":{},"meta":{"lastBranch":0,"lastFunction":1,"lastStatement":1,"seen":{"f:4:16:4:22":0,"s:5:4:5:Infinity":0},"fnNames":{}}}
,"C:\\Users\\alejo\\Documents\\_repositories\\my-briefcase\\src\\pages\\BriefcasePage.tsx": {"path":"C:\\Users\\alejo\\Documents\\_repositories\\my-briefcase\\src\\pages\\BriefcasePage.tsx","statementMap":{"0":{"start":{"line":7,"column":29},"end":{"line":17,"column":null}},"1":{"start":{"line":8,"column":2},"end":{"line":15,"column":null}}},"fnMap":{"0":{"name":"(anonymous_0)","decl":{"start":{"line":7,"column":29},"end":{"line":7,"column":35}},"loc":{"start":{"line":7,"column":35},"end":{"line":17,"column":null}},"line":7}},"branchMap":{},"s":{"0":0,"1":0},"f":{"0":0},"b":{},"meta":{"lastBranch":0,"lastFunction":1,"lastStatement":2,"seen":{"s:7:29:17:Infinity":0,"f:7:29:7:35":0,"s:8:2:15:Infinity":1},"fnNames":{}}}
,"C:\\Users\\alejo\\Documents\\_repositories\\my-briefcase\\src\\pages\\ErrorPage.tsx": {"path":"C:\\Users\\alejo\\Documents\\_repositories\\my-briefcase\\src\\pages\\ErrorPage.tsx","statementMap":{"0":{"start":{"line":1,"column":25},"end":{"line":7,"column":null}},"1":{"start":{"line":2,"column":2},"end":{"line":5,"column":null}}},"fnMap":{"0":{"name":"(anonymous_0)","decl":{"start":{"line":1,"column":25},"end":{"line":1,"column":31}},"loc":{"start":{"line":1,"column":31},"end":{"line":7,"column":null}},"line":1}},"branchMap":{},"s":{"0":0,"1":0},"f":{"0":0},"b":{},"meta":{"lastBranch":0,"lastFunction":1,"lastStatement":2,"seen":{"s:1:25:7:Infinity":0,"f:1:25:1:31":0,"s:2:2:5:Infinity":1},"fnNames":{}}}
,"C:\\Users\\alejo\\Documents\\_repositories\\my-briefcase\\src\\pages\\index.ts": {"path":"C:\\Users\\alejo\\Documents\\_repositories\\my-briefcase\\src\\pages\\index.ts","statementMap":{},"fnMap":{},"branchMap":{},"s":{},"f":{},"b":{},"meta":{"lastBranch":0,"lastFunction":0,"lastStatement":0,"seen":{},"fnNames":{}}}
,"C:\\Users\\alejo\\Documents\\_repositories\\my-briefcase\\src\\provider\\LanguageProvider.tsx": {"path":"C:\\Users\\alejo\\Documents\\_repositories\\my-briefcase\\src\\provider\\LanguageProvider.tsx","statementMap":{"0":{"start":{"line":8,"column":21},"end":{"line":8,"column":null}},"1":{"start":{"line":10,"column":32},"end":{"line":42,"column":null}},"2":{"start":{"line":12,"column":10},"end":{"line":12,"column":null}},"3":{"start":{"line":13,"column":10},"end":{"line":13,"column":null}},"4":{"start":{"line":15,"column":23},"end":{"line":15,"column":null}},"5":{"start":{"line":17,"column":23},"end":{"line":19,"column":null}},"6":{"start":{"line":18,"column":8},"end":{"line":18,"column":null}},"7":{"start":{"line":21,"column":4},"end":{"line":35,"column":null}},"8":{"start":{"line":22,"column":8},"end":{"line":22,"column":null}},"9":{"start":{"line":24,"column":24},"end":{"line":26,"column":null}},"10":{"start":{"line":25,"column":12},"end":{"line":25,"column":null}},"11":{"start":{"line":28,"column":8},"end":{"line":28,"column":null}},"12":{"start":{"line":29,"column":8},"end":{"line":29,"column":null}},"13":{"start":{"line":30,"column":8},"end":{"line":30,"column":null}},"14":{"start":{"line":31,"column":8},"end":{"line":31,"column":null}},"15":{"start":{"line":32,"column":8},"end":{"line":32,"column":null}},"16":{"start":{"line":33,"column":8},"end":{"line":33,"column":null}},"17":{"start":{"line":34,"column":8},"end":{"line":34,"column":null}},"18":{"start":{"line":37,"column":4},"end":{"line":40,"column":null}}},"fnMap":{"0":{"name":"(anonymous_0)","decl":{"start":{"line":10,"column":32},"end":{"line":10,"column":33}},"loc":{"start":{"line":10,"column":69},"end":{"line":42,"column":null}},"line":10},"1":{"name":"(anonymous_1)","decl":{"start":{"line":17,"column":23},"end":{"line":17,"column":24}},"loc":{"start":{"line":17,"column":39},"end":{"line":19,"column":null}},"line":17},"2":{"name":"(anonymous_2)","decl":{"start":{"line":21,"column":14},"end":{"line":21,"column":20}},"loc":{"start":{"line":21,"column":20},"end":{"line":35,"column":7}},"line":21},"3":{"name":"(anonymous_3)","decl":{"start":{"line":24,"column":24},"end":{"line":24,"column":25}},"loc":{"start":{"line":24,"column":75},"end":{"line":26,"column":null}},"line":24}},"branchMap":{"0":{"loc":{"start":{"line":15,"column":23},"end":{"line":15,"column":null}},"type":"cond-expr","locations":[{"start":{"line":15,"column":61},"end":{"line":15,"column":68}},{"start":{"line":15,"column":68},"end":{"line":15,"column":null}}],"line":15},"1":{"loc":{"start":{"line":18,"column":17},"end":{"line":18,"column":44}},"type":"cond-expr","locations":[{"start":{"line":18,"column":33},"end":{"line":18,"column":39}},{"start":{"line":18,"column":39},"end":{"line":18,"column":44}}],"line":18},"2":{"loc":{"start":{"line":28,"column":25},"end":{"line":28,"column":null}},"type":"cond-expr","locations":[{"start":{"line":28,"column":41},"end":{"line":28,"column":79}},{"start":{"line":28,"column":79},"end":{"line":28,"column":null}}],"line":28},"3":{"loc":{"start":{"line":29,"column":55},"end":{"line":29,"column":308}},"type":"cond-expr","locations":[{"start":{"line":29,"column":71},"end":{"line":29,"column":199}},{"start":{"line":29,"column":199},"end":{"line":29,"column":308}}],"line":29},"4":{"loc":{"start":{"line":30,"column":49},"end":{"line":30,"column":134}},"type":"cond-expr","locations":[{"start":{"line":30,"column":65},"end":{"line":30,"column":102}},{"start":{"line":30,"column":102},"end":{"line":30,"column":134}}],"line":30},"5":{"loc":{"start":{"line":31,"column":56},"end":{"line":31,"column":151}},"type":"cond-expr","locations":[{"start":{"line":31,"column":72},"end":{"line":31,"column":110}},{"start":{"line":31,"column":110},"end":{"line":31,"column":151}}],"line":31},"6":{"loc":{"start":{"line":32,"column":62},"end":{"line":32,"column":315}},"type":"cond-expr","locations":[{"start":{"line":32,"column":78},"end":{"line":32,"column":206}},{"start":{"line":32,"column":206},"end":{"line":32,"column":315}}],"line":32},"7":{"loc":{"start":{"line":33,"column":54},"end":{"line":33,"column":139}},"type":"cond-expr","locations":[{"start":{"line":33,"column":70},"end":{"line":33,"column":107}},{"start":{"line":33,"column":107},"end":{"line":33,"column":139}}],"line":33},"8":{"loc":{"start":{"line":34,"column":57},"end":{"line":34,"column":90}},"type":"cond-expr","locations":[{"start":{"line":34,"column":73},"end":{"line":34,"column":83}},{"start":{"line":34,"column":83},"end":{"line":34,"column":90}}],"line":34}},"s":{"0":0,"1":0,"2":0,"3":0,"4":0,"5":0,"6":0,"7":0,"8":0,"9":0,"10":0,"11":0,"12":0,"13":0,"14":0,"15":0,"16":0,"17":0,"18":0},"f":{"0":0,"1":0,"2":0,"3":0},"b":{"0":[0,0],"1":[0,0],"2":[0,0],"3":[0,0],"4":[0,0],"5":[0,0],"6":[0,0],"7":[0,0],"8":[0,0]},"meta":{"lastBranch":9,"lastFunction":4,"lastStatement":19,"seen":{"s:8:21:8:Infinity":0,"s:10:32:42:Infinity":1,"f:10:32:10:33":0,"s:12:10:12:Infinity":2,"s:13:10:13:Infinity":3,"s:15:23:15:Infinity":4,"b:15:61:15:68:15:68:15:Infinity":0,"s:17:23:19:Infinity":5,"f:17:23:17:24":1,"s:18:8:18:Infinity":6,"b:18:33:18:39:18:39:18:44":1,"s:21:4:35:Infinity":7,"f:21:14:21:20":2,"s:22:8:22:Infinity":8,"s:24:24:26:Infinity":9,"f:24:24:24:25":3,"s:25:12:25:Infinity":10,"s:28:8:28:Infinity":11,"b:28:41:28:79:28:79:28:Infinity":2,"s:29:8:29:Infinity":12,"b:29:71:29:199:29:199:29:308":3,"s:30:8:30:Infinity":13,"b:30:65:30:102:30:102:30:134":4,"s:31:8:31:Infinity":14,"b:31:72:31:110:31:110:31:151":5,"s:32:8:32:Infinity":15,"b:32:78:32:206:32:206:32:315":6,"s:33:8:33:Infinity":16,"b:33:70:33:107:33:107:33:139":7,"s:34:8:34:Infinity":17,"b:34:73:34:83:34:83:34:90":8,"s:37:4:40:Infinity":18},"fnNames":{}}}
,"C:\\Users\\alejo\\Documents\\_repositories\\my-briefcase\\src\\router\\RouterApp.tsx": {"path":"C:\\Users\\alejo\\Documents\\_repositories\\my-briefcase\\src\\router\\RouterApp.tsx","statementMap":{"0":{"start":{"line":7,"column":25},"end":{"line":15,"column":null}},"1":{"start":{"line":8,"column":2},"end":{"line":13,"column":null}}},"fnMap":{"0":{"name":"(anonymous_0)","decl":{"start":{"line":7,"column":25},"end":{"line":7,"column":31}},"loc":{"start":{"line":7,"column":31},"end":{"line":15,"column":null}},"line":7}},"branchMap":{},"s":{"0":0,"1":0},"f":{"0":0},"b":{},"meta":{"lastBranch":0,"lastFunction":1,"lastStatement":2,"seen":{"s:7:25:15:Infinity":0,"f:7:25:7:31":0,"s:8:2:13:Infinity":1},"fnNames":{}}}
,"C:\\Users\\alejo\\Documents\\_repositories\\my-briefcase\\src\\test\\setup.ts": {"path":"C:\\Users\\alejo\\Documents\\_repositories\\my-briefcase\\src\\test\\setup.ts","statementMap":{},"fnMap":{},"branchMap":{},"s":{},"f":{},"b":{},"meta":{"lastBranch":0,"lastFunction":0,"lastStatement":0,"seen":{},"fnNames":{}}}
,"C:\\Users\\alejo\\Documents\\_repositories\\my-briefcase\\src\\traductions\\en.ts": {"path":"C:\\Users\\alejo\\Documents\\_repositories\\my-briefcase\\src\\traductions\\en.ts","statementMap":{"0":{"start":{"line":2,"column":18},"end":{"line":93,"column":null}}},"fnMap":{},"branchMap":{},"s":{"0":2},"f":{},"b":{},"meta":{"lastBranch":0,"lastFunction":0,"lastStatement":1,"seen":{"s:2:18:93:Infinity":0},"fnNames":{}}}
,"C:\\Users\\alejo\\Documents\\_repositories\\my-briefcase\\src\\traductions\\es.ts": {"path":"C:\\Users\\alejo\\Documents\\_repositories\\my-briefcase\\src\\traductions\\es.ts","statementMap":{"0":{"start":{"line":1,"column":18},"end":{"line":93,"column":null}}},"fnMap":{},"branchMap":{},"s":{"0":2},"f":{},"b":{},"meta":{"lastBranch":0,"lastFunction":0,"lastStatement":1,"seen":{"s:1:18:93:Infinity":0},"fnNames":{}}}
,"C:\\Users\\alejo\\Documents\\_repositories\\my-briefcase\\src\\traductions\\index.ts": {"path":"C:\\Users\\alejo\\Documents\\_repositories\\my-briefcase\\src\\traductions\\index.ts","statementMap":{},"fnMap":{},"branchMap":{},"s":{},"f":{},"b":{},"meta":{"lastBranch":0,"lastFunction":0,"lastStatement":0,"seen":{},"fnNames":{}}}
}
